<?xml version="1.0" encoding="UTF-8"?>
<testsuite xmlns:xsi="http://www.w3.org/2001/XMLSchema-instance" xsi:noNamespaceSchemaLocation="https://maven.apache.org/surefire/maven-surefire-plugin/xsd/surefire-test-report-3.0.xsd" version="3.0" name="br.edu.cesar.runners.CucumberRunner" time="0.464" tests="2" errors="0" skipped="0" failures="0">
  <properties>
    <property name="java.specification.version" value="23"/>
    <property name="sun.jnu.encoding" value="UTF-8"/>
    <property name="java.class.path" value="/Users/felipesergio/Cesar/REQUISITOS/PlataformaDeEventos/testes/target/test-classes:/Users/felipesergio/Cesar/REQUISITOS/PlataformaDeEventos/testes/target/classes:/Users/felipesergio/Cesar/REQUISITOS/PlataformaDeEventos/dominio/target/plataforma-eventos-dominio-1.0-SNAPSHOT.jar:/Users/felipesergio/.m2/repository/io/cucumber/cucumber-java/7.15.0/cucumber-java-7.15.0.jar:/Users/felipesergio/.m2/repository/io/cucumber/cucumber-core/7.15.0/cucumber-core-7.15.0.jar:/Users/felipesergio/.m2/repository/io/cucumber/cucumber-gherkin/7.15.0/cucumber-gherkin-7.15.0.jar:/Users/felipesergio/.m2/repository/io/cucumber/cucumber-gherkin-messages/7.15.0/cucumber-gherkin-messages-7.15.0.jar:/Users/felipesergio/.m2/repository/io/cucumber/gherkin/26.2.0/gherkin-26.2.0.jar:/Users/felipesergio/.m2/repository/io/cucumber/messages/22.0.0/messages-22.0.0.jar:/Users/felipesergio/.m2/repository/io/cucumber/tag-expressions/6.0.0/tag-expressions-6.0.0.jar:/Users/felipesergio/.m2/repository/io/cucumber/cucumber-expressions/17.0.1/cucumber-expressions-17.0.1.jar:/Users/felipesergio/.m2/repository/io/cucumber/datatable/7.15.0/datatable-7.15.0.jar:/Users/felipesergio/.m2/repository/io/cucumber/cucumber-plugin/7.15.0/cucumber-plugin-7.15.0.jar:/Users/felipesergio/.m2/repository/io/cucumber/docstring/7.15.0/docstring-7.15.0.jar:/Users/felipesergio/.m2/repository/io/cucumber/html-formatter/20.4.0/html-formatter-20.4.0.jar:/Users/felipesergio/.m2/repository/io/cucumber/junit-xml-formatter/0.2.0/junit-xml-formatter-0.2.0.jar:/Users/felipesergio/.m2/repository/io/cucumber/ci-environment/10.0.0/ci-environment-10.0.0.jar:/Users/felipesergio/.m2/repository/org/apiguardian/apiguardian-api/1.1.2/apiguardian-api-1.1.2.jar:/Users/felipesergio/.m2/repository/io/cucumber/cucumber-junit/7.15.0/cucumber-junit-7.15.0.jar:/Users/felipesergio/.m2/repository/junit/junit/4.13.2/junit-4.13.2.jar:/Users/felipesergio/.m2/repository/org/hamcrest/hamcrest-core/1.3/hamcrest-core-1.3.jar:/Users/felipesergio/.m2/repository/org/junit/jupiter/junit-jupiter/5.10.2/junit-jupiter-5.10.2.jar:/Users/felipesergio/.m2/repository/org/junit/jupiter/junit-jupiter-api/5.10.2/junit-jupiter-api-5.10.2.jar:/Users/felipesergio/.m2/repository/org/opentest4j/opentest4j/1.3.0/opentest4j-1.3.0.jar:/Users/felipesergio/.m2/repository/org/junit/platform/junit-platform-commons/1.10.2/junit-platform-commons-1.10.2.jar:/Users/felipesergio/.m2/repository/org/junit/jupiter/junit-jupiter-params/5.10.2/junit-jupiter-params-5.10.2.jar:/Users/felipesergio/.m2/repository/org/junit/jupiter/junit-jupiter-engine/5.10.2/junit-jupiter-engine-5.10.2.jar:/Users/felipesergio/.m2/repository/org/junit/platform/junit-platform-engine/1.10.2/junit-platform-engine-1.10.2.jar:"/>
    <property name="java.vm.vendor" value="Homebrew"/>
    <property name="sun.arch.data.model" value="64"/>
    <property name="java.vendor.url" value="https://github.com/Homebrew/homebrew-core/issues"/>
    <property name="os.name" value="Mac OS X"/>
    <property name="java.vm.specification.version" value="23"/>
    <property name="sun.java.launcher" value="SUN_STANDARD"/>
    <property name="user.country" value="BR"/>
    <property name="sun.boot.library.path" value="/opt/homebrew/Cellar/openjdk/23.0.2/libexec/openjdk.jdk/Contents/Home/lib"/>
    <property name="sun.java.command" value="/Users/felipesergio/Cesar/REQUISITOS/PlataformaDeEventos/testes/target/surefire/surefirebooter-20250423014006796_3.jar /Users/felipesergio/Cesar/REQUISITOS/PlataformaDeEventos/testes/target/surefire 2025-04-23T01-40-06_753-jvmRun1 surefire-20250423014006796_1tmp surefire_0-20250423014006796_2tmp"/>
    <property name="http.nonProxyHosts" value="local|*.local|169.254/16|*.169.254/16"/>
    <property name="jdk.debug" value="release"/>
    <property name="surefire.test.class.path" value="/Users/felipesergio/Cesar/REQUISITOS/PlataformaDeEventos/testes/target/test-classes:/Users/felipesergio/Cesar/REQUISITOS/PlataformaDeEventos/testes/target/classes:/Users/felipesergio/Cesar/REQUISITOS/PlataformaDeEventos/dominio/target/plataforma-eventos-dominio-1.0-SNAPSHOT.jar:/Users/felipesergio/.m2/repository/io/cucumber/cucumber-java/7.15.0/cucumber-java-7.15.0.jar:/Users/felipesergio/.m2/repository/io/cucumber/cucumber-core/7.15.0/cucumber-core-7.15.0.jar:/Users/felipesergio/.m2/repository/io/cucumber/cucumber-gherkin/7.15.0/cucumber-gherkin-7.15.0.jar:/Users/felipesergio/.m2/repository/io/cucumber/cucumber-gherkin-messages/7.15.0/cucumber-gherkin-messages-7.15.0.jar:/Users/felipesergio/.m2/repository/io/cucumber/gherkin/26.2.0/gherkin-26.2.0.jar:/Users/felipesergio/.m2/repository/io/cucumber/messages/22.0.0/messages-22.0.0.jar:/Users/felipesergio/.m2/repository/io/cucumber/tag-expressions/6.0.0/tag-expressions-6.0.0.jar:/Users/felipesergio/.m2/repository/io/cucumber/cucumber-expressions/17.0.1/cucumber-expressions-17.0.1.jar:/Users/felipesergio/.m2/repository/io/cucumber/datatable/7.15.0/datatable-7.15.0.jar:/Users/felipesergio/.m2/repository/io/cucumber/cucumber-plugin/7.15.0/cucumber-plugin-7.15.0.jar:/Users/felipesergio/.m2/repository/io/cucumber/docstring/7.15.0/docstring-7.15.0.jar:/Users/felipesergio/.m2/repository/io/cucumber/html-formatter/20.4.0/html-formatter-20.4.0.jar:/Users/felipesergio/.m2/repository/io/cucumber/junit-xml-formatter/0.2.0/junit-xml-formatter-0.2.0.jar:/Users/felipesergio/.m2/repository/io/cucumber/ci-environment/10.0.0/ci-environment-10.0.0.jar:/Users/felipesergio/.m2/repository/org/apiguardian/apiguardian-api/1.1.2/apiguardian-api-1.1.2.jar:/Users/felipesergio/.m2/repository/io/cucumber/cucumber-junit/7.15.0/cucumber-junit-7.15.0.jar:/Users/felipesergio/.m2/repository/junit/junit/4.13.2/junit-4.13.2.jar:/Users/felipesergio/.m2/repository/org/hamcrest/hamcrest-core/1.3/hamcrest-core-1.3.jar:/Users/felipesergio/.m2/repository/org/junit/jupiter/junit-jupiter/5.10.2/junit-jupiter-5.10.2.jar:/Users/felipesergio/.m2/repository/org/junit/jupiter/junit-jupiter-api/5.10.2/junit-jupiter-api-5.10.2.jar:/Users/felipesergio/.m2/repository/org/opentest4j/opentest4j/1.3.0/opentest4j-1.3.0.jar:/Users/felipesergio/.m2/repository/org/junit/platform/junit-platform-commons/1.10.2/junit-platform-commons-1.10.2.jar:/Users/felipesergio/.m2/repository/org/junit/jupiter/junit-jupiter-params/5.10.2/junit-jupiter-params-5.10.2.jar:/Users/felipesergio/.m2/repository/org/junit/jupiter/junit-jupiter-engine/5.10.2/junit-jupiter-engine-5.10.2.jar:/Users/felipesergio/.m2/repository/org/junit/platform/junit-platform-engine/1.10.2/junit-platform-engine-1.10.2.jar:"/>
    <property name="sun.cpu.endian" value="little"/>
    <property name="user.home" value="/Users/felipesergio"/>
    <property name="user.language" value="pt"/>
    <property name="java.specification.vendor" value="Oracle Corporation"/>
    <property name="java.version.date" value="2025-01-21"/>
    <property name="java.home" value="/opt/homebrew/Cellar/openjdk/23.0.2/libexec/openjdk.jdk/Contents/Home"/>
    <property name="file.separator" value="/"/>
    <property name="basedir" value="/Users/felipesergio/Cesar/REQUISITOS/PlataformaDeEventos/testes"/>
    <property name="java.vm.compressedOopsMode" value="Zero based"/>
    <property name="line.separator" value="&#10;"/>
    <property name="java.vm.specification.vendor" value="Oracle Corporation"/>
    <property name="java.specification.name" value="Java Platform API Specification"/>
    <property name="apple.awt.application.name" value="ForkedBooter"/>
    <property name="surefire.real.class.path" value="/Users/felipesergio/Cesar/REQUISITOS/PlataformaDeEventos/testes/target/surefire/surefirebooter-20250423014006796_3.jar"/>
    <property name="sun.management.compiler" value="HotSpot 64-Bit Tiered Compilers"/>
    <property name="ftp.nonProxyHosts" value="local|*.local|169.254/16|*.169.254/16"/>
    <property name="java.runtime.version" value="23.0.2"/>
    <property name="user.name" value="felipesergio"/>
    <property name="stdout.encoding" value="UTF-8"/>
    <property name="path.separator" value=":"/>
    <property name="os.version" value="14.5"/>
    <property name="java.runtime.name" value="OpenJDK Runtime Environment"/>
    <property name="file.encoding" value="UTF-8"/>
    <property name="java.vm.name" value="OpenJDK 64-Bit Server VM"/>
    <property name="java.vendor.version" value="Homebrew"/>
    <property name="localRepository" value="/Users/felipesergio/.m2/repository"/>
    <property name="java.vendor.url.bug" value="https://github.com/Homebrew/homebrew-core/issues"/>
    <property name="java.io.tmpdir" value="/var/folders/hp/pk7y342n39x5j5375pth5fx80000gp/T/"/>
    <property name="java.version" value="23.0.2"/>
    <property name="user.dir" value="/Users/felipesergio/Cesar/REQUISITOS/PlataformaDeEventos/testes"/>
    <property name="os.arch" value="aarch64"/>
    <property name="java.vm.specification.name" value="Java Virtual Machine Specification"/>
    <property name="native.encoding" value="UTF-8"/>
    <property name="java.library.path" value="/Users/felipesergio/Library/Java/Extensions:/Library/Java/Extensions:/Network/Library/Java/Extensions:/System/Library/Java/Extensions:/usr/lib/java:."/>
    <property name="java.vm.info" value="mixed mode, sharing"/>
    <property name="stderr.encoding" value="UTF-8"/>
    <property name="java.vendor" value="Homebrew"/>
    <property name="java.vm.version" value="23.0.2"/>
    <property name="sun.io.unicode.encoding" value="UnicodeBig"/>
    <property name="socksNonProxyHosts" value="local|*.local|169.254/16|*.169.254/16"/>
    <property name="java.class.version" value="67.0"/>
  </properties>
  <testcase name="Criar evento com sucesso" classname="Criar Evento" time="0.052">
    <system-out><![CDATA[
Cenário: Criar evento com sucesso                   # src/test/resources/features/CriarEvento.feature:7
  Dado que eu sou um organizador                    # br.edu.cesar.steps.CriarEventoSteps.queEuSouUmOrganizador()
  Quando eu criar um evento com os seguintes dados: # br.edu.cesar.steps.CriarEventoSteps.euCriarUmEventoComOsSeguintesDados(io.cucumber.datatable.DataTable)
    | nome      | Local Tech Conference 2024 |
    | data      | 2024-12-01                 |
    | local     | Centro de Convenções       |
    | categoria | Tecnologia                 |
  Então o evento deve ser criado com sucesso        # br.edu.cesar.steps.CriarEventoSteps.oEventoDeveSerCriadoComSucesso()
  E devo receber uma confirmação                    # br.edu.cesar.steps.CriarEventoSteps.devoReceberUmaConfirmacao()
]]></system-out>
  </testcase>
  <testcase name="Tentar criar evento sem nome" classname="Criar Evento" time="0.0">
    <system-out><![CDATA[
Cenário: Tentar criar evento sem nome                                         # src/test/resources/features/CriarEvento.feature:17
  Dado que eu sou um organizador                                              # br.edu.cesar.steps.CriarEventoSteps.queEuSouUmOrganizador()
  Quando eu tentar criar um evento sem nome                                   # br.edu.cesar.steps.CriarEventoSteps.euTentarCriarUmEventoSemNome()
  Então devo receber uma mensagem de erro informando que o nome é obrigatório # br.edu.cesar.steps.CriarEventoSteps.devoReceberUmaMensagemDeErroInformandoQueONomeEObrigatorio()
]]></system-out>
  </testcase>
</testsuite>