<?xml version="1.0" encoding="UTF-8"?>
<testsuite xmlns:xsi="http://www.w3.org/2001/XMLSchema-instance" xsi:noNamespaceSchemaLocation="https://maven.apache.org/surefire/maven-surefire-plugin/xsd/surefire-test-report-3.0.xsd" version="3.0" name="br.edu.cesar.runners.CucumberRunner" time="0.408" tests="22" errors="0" skipped="0" failures="0">
  <properties>
    <property name="java.specification.version" value="23"/>
    <property name="sun.jnu.encoding" value="UTF-8"/>
    <property name="java.class.path" value="/Users/felipesergio/Cesar/REQUISITOS/PlataformaDeEventos/testes/target/test-classes:/Users/felipesergio/Cesar/REQUISITOS/PlataformaDeEventos/testes/target/classes:/Users/felipesergio/Cesar/REQUISITOS/PlataformaDeEventos/dominio/target/plataforma-eventos-dominio-1.0-SNAPSHOT.jar:/Users/felipesergio/.m2/repository/io/cucumber/cucumber-java/7.15.0/cucumber-java-7.15.0.jar:/Users/felipesergio/.m2/repository/io/cucumber/cucumber-core/7.15.0/cucumber-core-7.15.0.jar:/Users/felipesergio/.m2/repository/io/cucumber/cucumber-gherkin/7.15.0/cucumber-gherkin-7.15.0.jar:/Users/felipesergio/.m2/repository/io/cucumber/cucumber-gherkin-messages/7.15.0/cucumber-gherkin-messages-7.15.0.jar:/Users/felipesergio/.m2/repository/io/cucumber/gherkin/26.2.0/gherkin-26.2.0.jar:/Users/felipesergio/.m2/repository/io/cucumber/messages/22.0.0/messages-22.0.0.jar:/Users/felipesergio/.m2/repository/io/cucumber/tag-expressions/6.0.0/tag-expressions-6.0.0.jar:/Users/felipesergio/.m2/repository/io/cucumber/cucumber-expressions/17.0.1/cucumber-expressions-17.0.1.jar:/Users/felipesergio/.m2/repository/io/cucumber/datatable/7.15.0/datatable-7.15.0.jar:/Users/felipesergio/.m2/repository/io/cucumber/cucumber-plugin/7.15.0/cucumber-plugin-7.15.0.jar:/Users/felipesergio/.m2/repository/io/cucumber/docstring/7.15.0/docstring-7.15.0.jar:/Users/felipesergio/.m2/repository/io/cucumber/html-formatter/20.4.0/html-formatter-20.4.0.jar:/Users/felipesergio/.m2/repository/io/cucumber/junit-xml-formatter/0.2.0/junit-xml-formatter-0.2.0.jar:/Users/felipesergio/.m2/repository/io/cucumber/ci-environment/10.0.0/ci-environment-10.0.0.jar:/Users/felipesergio/.m2/repository/org/apiguardian/apiguardian-api/1.1.2/apiguardian-api-1.1.2.jar:/Users/felipesergio/.m2/repository/io/cucumber/cucumber-junit/7.15.0/cucumber-junit-7.15.0.jar:/Users/felipesergio/.m2/repository/junit/junit/4.13.2/junit-4.13.2.jar:/Users/felipesergio/.m2/repository/org/hamcrest/hamcrest-core/1.3/hamcrest-core-1.3.jar:/Users/felipesergio/.m2/repository/org/junit/jupiter/junit-jupiter/5.10.2/junit-jupiter-5.10.2.jar:/Users/felipesergio/.m2/repository/org/junit/jupiter/junit-jupiter-api/5.10.2/junit-jupiter-api-5.10.2.jar:/Users/felipesergio/.m2/repository/org/opentest4j/opentest4j/1.3.0/opentest4j-1.3.0.jar:/Users/felipesergio/.m2/repository/org/junit/platform/junit-platform-commons/1.10.2/junit-platform-commons-1.10.2.jar:/Users/felipesergio/.m2/repository/org/junit/jupiter/junit-jupiter-params/5.10.2/junit-jupiter-params-5.10.2.jar:/Users/felipesergio/.m2/repository/org/junit/jupiter/junit-jupiter-engine/5.10.2/junit-jupiter-engine-5.10.2.jar:/Users/felipesergio/.m2/repository/org/junit/platform/junit-platform-engine/1.10.2/junit-platform-engine-1.10.2.jar:"/>
    <property name="java.vm.vendor" value="Homebrew"/>
    <property name="sun.arch.data.model" value="64"/>
    <property name="java.vendor.url" value="https://github.com/Homebrew/homebrew-core/issues"/>
    <property name="os.name" value="Mac OS X"/>
    <property name="java.vm.specification.version" value="23"/>
    <property name="sun.java.launcher" value="SUN_STANDARD"/>
    <property name="user.country" value="BR"/>
    <property name="sun.boot.library.path" value="/opt/homebrew/Cellar/openjdk/23.0.2/libexec/openjdk.jdk/Contents/Home/lib"/>
    <property name="sun.java.command" value="/Users/felipesergio/Cesar/REQUISITOS/PlataformaDeEventos/testes/target/surefire/surefirebooter-20250423030729731_3.jar /Users/felipesergio/Cesar/REQUISITOS/PlataformaDeEventos/testes/target/surefire 2025-04-23T03-07-29_700-jvmRun1 surefire-20250423030729731_1tmp surefire_0-20250423030729731_2tmp"/>
    <property name="http.nonProxyHosts" value="local|*.local|169.254/16|*.169.254/16"/>
    <property name="jdk.debug" value="release"/>
    <property name="surefire.test.class.path" value="/Users/felipesergio/Cesar/REQUISITOS/PlataformaDeEventos/testes/target/test-classes:/Users/felipesergio/Cesar/REQUISITOS/PlataformaDeEventos/testes/target/classes:/Users/felipesergio/Cesar/REQUISITOS/PlataformaDeEventos/dominio/target/plataforma-eventos-dominio-1.0-SNAPSHOT.jar:/Users/felipesergio/.m2/repository/io/cucumber/cucumber-java/7.15.0/cucumber-java-7.15.0.jar:/Users/felipesergio/.m2/repository/io/cucumber/cucumber-core/7.15.0/cucumber-core-7.15.0.jar:/Users/felipesergio/.m2/repository/io/cucumber/cucumber-gherkin/7.15.0/cucumber-gherkin-7.15.0.jar:/Users/felipesergio/.m2/repository/io/cucumber/cucumber-gherkin-messages/7.15.0/cucumber-gherkin-messages-7.15.0.jar:/Users/felipesergio/.m2/repository/io/cucumber/gherkin/26.2.0/gherkin-26.2.0.jar:/Users/felipesergio/.m2/repository/io/cucumber/messages/22.0.0/messages-22.0.0.jar:/Users/felipesergio/.m2/repository/io/cucumber/tag-expressions/6.0.0/tag-expressions-6.0.0.jar:/Users/felipesergio/.m2/repository/io/cucumber/cucumber-expressions/17.0.1/cucumber-expressions-17.0.1.jar:/Users/felipesergio/.m2/repository/io/cucumber/datatable/7.15.0/datatable-7.15.0.jar:/Users/felipesergio/.m2/repository/io/cucumber/cucumber-plugin/7.15.0/cucumber-plugin-7.15.0.jar:/Users/felipesergio/.m2/repository/io/cucumber/docstring/7.15.0/docstring-7.15.0.jar:/Users/felipesergio/.m2/repository/io/cucumber/html-formatter/20.4.0/html-formatter-20.4.0.jar:/Users/felipesergio/.m2/repository/io/cucumber/junit-xml-formatter/0.2.0/junit-xml-formatter-0.2.0.jar:/Users/felipesergio/.m2/repository/io/cucumber/ci-environment/10.0.0/ci-environment-10.0.0.jar:/Users/felipesergio/.m2/repository/org/apiguardian/apiguardian-api/1.1.2/apiguardian-api-1.1.2.jar:/Users/felipesergio/.m2/repository/io/cucumber/cucumber-junit/7.15.0/cucumber-junit-7.15.0.jar:/Users/felipesergio/.m2/repository/junit/junit/4.13.2/junit-4.13.2.jar:/Users/felipesergio/.m2/repository/org/hamcrest/hamcrest-core/1.3/hamcrest-core-1.3.jar:/Users/felipesergio/.m2/repository/org/junit/jupiter/junit-jupiter/5.10.2/junit-jupiter-5.10.2.jar:/Users/felipesergio/.m2/repository/org/junit/jupiter/junit-jupiter-api/5.10.2/junit-jupiter-api-5.10.2.jar:/Users/felipesergio/.m2/repository/org/opentest4j/opentest4j/1.3.0/opentest4j-1.3.0.jar:/Users/felipesergio/.m2/repository/org/junit/platform/junit-platform-commons/1.10.2/junit-platform-commons-1.10.2.jar:/Users/felipesergio/.m2/repository/org/junit/jupiter/junit-jupiter-params/5.10.2/junit-jupiter-params-5.10.2.jar:/Users/felipesergio/.m2/repository/org/junit/jupiter/junit-jupiter-engine/5.10.2/junit-jupiter-engine-5.10.2.jar:/Users/felipesergio/.m2/repository/org/junit/platform/junit-platform-engine/1.10.2/junit-platform-engine-1.10.2.jar:"/>
    <property name="sun.cpu.endian" value="little"/>
    <property name="user.home" value="/Users/felipesergio"/>
    <property name="user.language" value="pt"/>
    <property name="java.specification.vendor" value="Oracle Corporation"/>
    <property name="java.version.date" value="2025-01-21"/>
    <property name="java.home" value="/opt/homebrew/Cellar/openjdk/23.0.2/libexec/openjdk.jdk/Contents/Home"/>
    <property name="file.separator" value="/"/>
    <property name="basedir" value="/Users/felipesergio/Cesar/REQUISITOS/PlataformaDeEventos/testes"/>
    <property name="java.vm.compressedOopsMode" value="Zero based"/>
    <property name="line.separator" value="&#10;"/>
    <property name="java.vm.specification.vendor" value="Oracle Corporation"/>
    <property name="java.specification.name" value="Java Platform API Specification"/>
    <property name="apple.awt.application.name" value="ForkedBooter"/>
    <property name="surefire.real.class.path" value="/Users/felipesergio/Cesar/REQUISITOS/PlataformaDeEventos/testes/target/surefire/surefirebooter-20250423030729731_3.jar"/>
    <property name="sun.management.compiler" value="HotSpot 64-Bit Tiered Compilers"/>
    <property name="ftp.nonProxyHosts" value="local|*.local|169.254/16|*.169.254/16"/>
    <property name="java.runtime.version" value="23.0.2"/>
    <property name="user.name" value="felipesergio"/>
    <property name="stdout.encoding" value="UTF-8"/>
    <property name="path.separator" value=":"/>
    <property name="os.version" value="14.5"/>
    <property name="java.runtime.name" value="OpenJDK Runtime Environment"/>
    <property name="file.encoding" value="UTF-8"/>
    <property name="java.vm.name" value="OpenJDK 64-Bit Server VM"/>
    <property name="java.vendor.version" value="Homebrew"/>
    <property name="localRepository" value="/Users/felipesergio/.m2/repository"/>
    <property name="java.vendor.url.bug" value="https://github.com/Homebrew/homebrew-core/issues"/>
    <property name="java.io.tmpdir" value="/var/folders/hp/pk7y342n39x5j5375pth5fx80000gp/T/"/>
    <property name="java.version" value="23.0.2"/>
    <property name="user.dir" value="/Users/felipesergio/Cesar/REQUISITOS/PlataformaDeEventos/testes"/>
    <property name="os.arch" value="aarch64"/>
    <property name="java.vm.specification.name" value="Java Virtual Machine Specification"/>
    <property name="native.encoding" value="UTF-8"/>
    <property name="java.library.path" value="/Users/felipesergio/Library/Java/Extensions:/Library/Java/Extensions:/Network/Library/Java/Extensions:/System/Library/Java/Extensions:/usr/lib/java:."/>
    <property name="java.vm.info" value="mixed mode, sharing"/>
    <property name="stderr.encoding" value="UTF-8"/>
    <property name="java.vendor" value="Homebrew"/>
    <property name="java.vm.version" value="23.0.2"/>
    <property name="sun.io.unicode.encoding" value="UnicodeBig"/>
    <property name="socksNonProxyHosts" value="local|*.local|169.254/16|*.169.254/16"/>
    <property name="java.class.version" value="67.0"/>
  </properties>
  <testcase name="Criar evento com sucesso" classname="Criar Evento" time="0.041">
    <system-out><![CDATA[
Cenário: Criar evento com sucesso                   # src/test/resources/features/CriarEvento.feature:7
  Dado que eu sou um organizador                    # br.edu.cesar.steps.CriarEventoSteps.queEuSouUmOrganizador()
  Quando eu criar um evento com os seguintes dados: # br.edu.cesar.steps.CriarEventoSteps.euCriarUmEventoComOsSeguintesDados(io.cucumber.datatable.DataTable)
    | nome      | Local Tech Conference 2024 |
    | data      | 2024-12-01                 |
    | local     | Centro de Convenções       |
    | categoria | Tecnologia                 |
  Então o evento deve ser criado com sucesso        # br.edu.cesar.steps.CriarEventoSteps.oEventoDeveSerCriadoComSucesso()
  E devo receber uma confirmação                    # br.edu.cesar.steps.CriarEventoSteps.devoReceberUmaConfirmacao()
]]></system-out>
  </testcase>
  <testcase name="Tentar criar evento sem nome" classname="Criar Evento" time="0.003">
    <system-out><![CDATA[
Cenário: Tentar criar evento sem nome                                         # src/test/resources/features/CriarEvento.feature:17
  Dado que eu sou um organizador                                              # br.edu.cesar.steps.CriarEventoSteps.queEuSouUmOrganizador()
  Quando eu tentar criar um evento sem nome                                   # br.edu.cesar.steps.CriarEventoSteps.euTentarCriarUmEventoSemNome()
  Então devo receber uma mensagem de erro informando que o nome é obrigatório # br.edu.cesar.steps.CriarEventoSteps.devoReceberUmaMensagemDeErroInformandoQueONomeEObrigatorio()
]]></system-out>
  </testcase>
  <testcase name="Filtrar eventos por gênero" classname="Filtrar Eventos" time="0.01">
    <system-out><![CDATA[
Cenário: Filtrar eventos por gênero                  # src/test/resources/features/FiltrarEventos.feature:7
  Dado que existem eventos cadastrados na plataforma # br.edu.cesar.steps.FiltrarEventosSteps.queExistemEventosCadastradosNaPlataforma()
  Quando eu filtrar eventos por gênero "Música"      # br.edu.cesar.steps.FiltrarEventosSteps.euFiltrarEventosPorGenero(java.lang.String)
  Então devo ver apenas eventos do gênero "Música"   # br.edu.cesar.steps.FiltrarEventosSteps.devoVerApenasEventosDoGenero(java.lang.String)
]]></system-out>
  </testcase>
  <testcase name="Filtrar eventos por horário" classname="Filtrar Eventos" time="0.006">
    <system-out><![CDATA[
Cenário: Filtrar eventos por horário                  # src/test/resources/features/FiltrarEventos.feature:12
  Dado que existem eventos cadastrados na plataforma  # br.edu.cesar.steps.FiltrarEventosSteps.queExistemEventosCadastradosNaPlataforma()
  Quando eu filtrar eventos por horário "Noite"       # br.edu.cesar.steps.FiltrarEventosSteps.euFiltrarEventosPorHorario(java.lang.String)
  Então devo ver apenas eventos que acontecem à noite # br.edu.cesar.steps.FiltrarEventosSteps.devoVerApenasEventosQueAcontecemANoite()
]]></system-out>
  </testcase>
  <testcase name="Filtrar eventos por data" classname="Filtrar Eventos" time="0.005">
    <system-out><![CDATA[
Cenário: Filtrar eventos por data                        # src/test/resources/features/FiltrarEventos.feature:17
  Dado que existem eventos cadastrados na plataforma     # br.edu.cesar.steps.FiltrarEventosSteps.queExistemEventosCadastradosNaPlataforma()
  Quando eu filtrar eventos pela data "2024-12-01"       # br.edu.cesar.steps.FiltrarEventosSteps.euFiltrarEventosPelaData(java.lang.String)
  Então devo ver apenas eventos que acontecem nesta data # br.edu.cesar.steps.FiltrarEventosSteps.devoVerApenasEventosQueAcontecemNestaData()
]]></system-out>
  </testcase>
  <testcase name="Filtrar eventos por faixa de preço" classname="Filtrar Eventos" time="0.008">
    <system-out><![CDATA[
Cenário: Filtrar eventos por faixa de preço                 # src/test/resources/features/FiltrarEventos.feature:22
  Dado que existem eventos cadastrados na plataforma        # br.edu.cesar.steps.FiltrarEventosSteps.queExistemEventosCadastradosNaPlataforma()
  Quando eu filtrar eventos com preço entre "0" e "100"     # br.edu.cesar.steps.FiltrarEventosSteps.euFiltrarEventosComPrecoEntre(java.lang.String,java.lang.String)
  Então devo ver apenas eventos dentro desta faixa de preço # br.edu.cesar.steps.FiltrarEventosSteps.devoVerApenasEventosDentroDestaFaixaDePreco()
]]></system-out>
  </testcase>
  <testcase name="Filtrar eventos com múltiplos critérios" classname="Filtrar Eventos" time="0.005">
    <system-out><![CDATA[
Cenário: Filtrar eventos com múltiplos critérios                 # src/test/resources/features/FiltrarEventos.feature:27
  Dado que existem eventos cadastrados na plataforma             # br.edu.cesar.steps.FiltrarEventosSteps.queExistemEventosCadastradosNaPlataforma()
  Quando eu filtrar eventos com os seguintes critérios:          # br.edu.cesar.steps.FiltrarEventosSteps.euFiltrarEventosComOsSeguintesCriterios(io.cucumber.datatable.DataTable)
    | gênero      | Música     |
    | horário     | Noite      |
    | data        | 2024-12-01 |
    | preçoMínimo | 0          |
    | preçoMáximo | 100        |
  Então devo ver apenas eventos que atendem a todos os critérios # br.edu.cesar.steps.FiltrarEventosSteps.devoVerApenasEventosQueAtendemATodosOsCriterios()
]]></system-out>
  </testcase>
  <testcase name="Reportar item perdido com sucesso" classname="Reportar Item Perdido" time="0.006">
    <system-out><![CDATA[
Cenário: Reportar item perdido com sucesso                # src/test/resources/features/ReportarItemPerdido.feature:7
  Dado que eu sou um participante de um evento finalizado # br.edu.cesar.steps.ReportarItemPerdidoSteps.queEuSouUmParticipanteDeUmEventoFinalizado()
  Quando eu acessar a área de Achados e Perdidos          # br.edu.cesar.steps.ReportarItemPerdidoSteps.euAcessarAAreaDeAchadosEPerdidos()
  E preencher o formulário com os seguintes dados:        # br.edu.cesar.steps.ReportarItemPerdidoSteps.preencherOFormularioComOsSeguintesDados(java.util.Map<java.lang.String, java.lang.String>)
    | campo           | valor                    |
    | tipo            | Carteira                 |
    | cor             | Marrom                   |
    | descrição       | Carteira de couro marrom |
    | localAproximado | Área de alimentação      |
  Então o item perdido deve ser registrado com sucesso    # br.edu.cesar.steps.ReportarItemPerdidoSteps.oItemPerdidoDeveSerRegistradoComSucesso()
  E devo receber uma confirmação do registro              # br.edu.cesar.steps.ReportarItemPerdidoSteps.devoReceberUmaConfirmacaoDoRegistro()
]]></system-out>
  </testcase>
  <testcase name="Reportar item perdido com foto" classname="Reportar Item Perdido" time="0.004">
    <system-out><![CDATA[
Cenário: Reportar item perdido com foto                   # src/test/resources/features/ReportarItemPerdido.feature:19
  Dado que eu sou um participante de um evento finalizado # br.edu.cesar.steps.ReportarItemPerdidoSteps.queEuSouUmParticipanteDeUmEventoFinalizado()
  Quando eu acessar a área de Achados e Perdidos          # br.edu.cesar.steps.ReportarItemPerdidoSteps.euAcessarAAreaDeAchadosEPerdidos()
  E preencher o formulário com os seguintes dados:        # br.edu.cesar.steps.ReportarItemPerdidoSteps.preencherOFormularioComOsSeguintesDados(java.util.Map<java.lang.String, java.lang.String>)
    | campo           | valor           |
    | tipo            | Celular         |
    | cor             | Preto           |
    | descrição       | iPhone 12       |
    | localAproximado | Palco principal |
  E anexar uma foto do item                               # br.edu.cesar.steps.ReportarItemPerdidoSteps.anexarUmaFotoDoItem()
  Então o item perdido deve ser registrado com sucesso    # br.edu.cesar.steps.ReportarItemPerdidoSteps.oItemPerdidoDeveSerRegistradoComSucesso()
  E a foto deve ser salva junto com o registro            # br.edu.cesar.steps.ReportarItemPerdidoSteps.aFotoDeveSerSalvaJuntoComORegistro()
]]></system-out>
  </testcase>
  <testcase name="Tentar reportar item perdido sem dados obrigatórios" classname="Reportar Item Perdido" time="0.003">
    <system-out><![CDATA[
Cenário: Tentar reportar item perdido sem dados obrigatórios                # src/test/resources/features/ReportarItemPerdido.feature:32
  Dado que eu sou um participante de um evento finalizado                   # br.edu.cesar.steps.ReportarItemPerdidoSteps.queEuSouUmParticipanteDeUmEventoFinalizado()
  Quando eu acessar a área de Achados e Perdidos                            # br.edu.cesar.steps.ReportarItemPerdidoSteps.euAcessarAAreaDeAchadosEPerdidos()
  E tentar submeter o formulário sem preencher os campos obrigatórios       # br.edu.cesar.steps.ReportarItemPerdidoSteps.tentarSubmeterOFormularioSemPreencherOsCamposObrigatorios()
  Então devo receber uma mensagem de erro informando os campos obrigatórios # br.edu.cesar.steps.ReportarItemPerdidoSteps.devoReceberUmaMensagemDeErroInformandoOsCamposObrigatorios()
]]></system-out>
  </testcase>
  <testcase name="Visualizar eventos salvos no calendário" classname="Visualizar Calendário Pessoal" time="0.006">
    <system-out><![CDATA[
Cenário: Visualizar eventos salvos no calendário             # src/test/resources/features/VisualizarCalendario.feature:7
  Dado que eu sou um usuário da plataforma                   # br.edu.cesar.steps.VisualizarCalendarioSteps.queEuSouUmUsuarioDaPlataforma()
  E tenho eventos salvos como interesse                      # br.edu.cesar.steps.VisualizarCalendarioSteps.tenhoEventosSalvosComoInteresse()
  Quando eu acessar meu calendário pessoal                   # br.edu.cesar.steps.VisualizarCalendarioSteps.euAcessarMeuCalendarioPessoal()
  Então devo ver os eventos salvos destacados com a cor azul # br.edu.cesar.steps.VisualizarCalendarioSteps.devoVerOsEventosSalvosDestacadosComACorAzul()
]]></system-out>
  </testcase>
  <testcase name="Visualizar eventos confirmados no calendário" classname="Visualizar Calendário Pessoal" time="0.002">
    <system-out><![CDATA[
Cenário: Visualizar eventos confirmados no calendário              # src/test/resources/features/VisualizarCalendario.feature:13
  Dado que eu sou um usuário da plataforma                         # br.edu.cesar.steps.VisualizarCalendarioSteps.queEuSouUmUsuarioDaPlataforma()
  E tenho eventos confirmados                                      # br.edu.cesar.steps.VisualizarCalendarioSteps.tenhoEventosConfirmados()
  Quando eu acessar meu calendário pessoal                         # br.edu.cesar.steps.VisualizarCalendarioSteps.euAcessarMeuCalendarioPessoal()
  Então devo ver os eventos confirmados destacados com a cor verde # br.edu.cesar.steps.VisualizarCalendarioSteps.devoVerOsEventosConfirmadosDestacadosComACorVerde()
]]></system-out>
  </testcase>
  <testcase name="Visualizar eventos marcados como &quot;talvez&quot; no calendário" classname="Visualizar Calendário Pessoal" time="0.003">
    <system-out><![CDATA[
Cenário: Visualizar eventos marcados como "talvez" no calendário                # src/test/resources/features/VisualizarCalendario.feature:19
  Dado que eu sou um usuário da plataforma                                      # br.edu.cesar.steps.VisualizarCalendarioSteps.queEuSouUmUsuarioDaPlataforma()
  E tenho eventos marcados como "talvez"                                        # br.edu.cesar.steps.VisualizarCalendarioSteps.tenhoEventosMarcadosComo(java.lang.String)
  Quando eu acessar meu calendário pessoal                                      # br.edu.cesar.steps.VisualizarCalendarioSteps.euAcessarMeuCalendarioPessoal()
  Então devo ver os eventos marcados como "talvez" destacados com a cor amarela # br.edu.cesar.steps.VisualizarCalendarioSteps.devoVerOsEventosMarcadosComoDestacadosComACorAmarela(java.lang.String)
]]></system-out>
  </testcase>
  <testcase name="Visualizar detalhes de um evento no calendário" classname="Visualizar Calendário Pessoal" time="0.003">
    <system-out><![CDATA[
Cenário: Visualizar detalhes de um evento no calendário # src/test/resources/features/VisualizarCalendario.feature:25
  Dado que eu sou um usuário da plataforma              # br.edu.cesar.steps.VisualizarCalendarioSteps.queEuSouUmUsuarioDaPlataforma()
  E tenho eventos no meu calendário                     # br.edu.cesar.steps.VisualizarCalendarioSteps.tenhoEventosNoMeuCalendario()
  Quando eu clicar em um evento no calendário           # br.edu.cesar.steps.VisualizarCalendarioSteps.euClicarEmUmEventoNoCalendario()
  Então devo ver os detalhes do evento:                 # br.edu.cesar.steps.VisualizarCalendarioSteps.devoVerOsDetalhesDoEvento(io.cucumber.datatable.DataTable)
    | campo     | valor esperado  |
    | nome      | Show de Rock    |
    | local     | Arena Rock      |
    | data      | 2024-12-01      |
    | horário   | 20:00           |
    | descrição | Show da banda X |
    | link      | /eventos/123    |
]]></system-out>
  </testcase>
  <testcase name="Alternar entre visualizações do calendário" classname="Visualizar Calendário Pessoal" time="0.004">
    <system-out><![CDATA[
Cenário: Alternar entre visualizações do calendário              # src/test/resources/features/VisualizarCalendario.feature:38
  Dado que eu sou um usuário da plataforma                       # br.edu.cesar.steps.VisualizarCalendarioSteps.queEuSouUmUsuarioDaPlataforma()
  E tenho eventos no meu calendário                              # br.edu.cesar.steps.VisualizarCalendarioSteps.tenhoEventosNoMeuCalendario()
  Quando eu alternar a visualização do calendário para "semanal" # br.edu.cesar.steps.VisualizarCalendarioSteps.euAlternarAVisualizacaoDoCalendarioPara(java.lang.String)
  Então devo ver os eventos organizados por "semana"             # br.edu.cesar.steps.VisualizarCalendarioSteps.devoVerOsEventosOrganizadosPor(java.lang.String)
  Quando eu alternar a visualização do calendário para "diária"  # br.edu.cesar.steps.VisualizarCalendarioSteps.euAlternarAVisualizacaoDoCalendarioPara(java.lang.String)
  Então devo ver os eventos organizados por "dia"                # br.edu.cesar.steps.VisualizarCalendarioSteps.devoVerOsEventosOrganizadosPor(java.lang.String)
  Quando eu alternar a visualização do calendário para "mensal"  # br.edu.cesar.steps.VisualizarCalendarioSteps.euAlternarAVisualizacaoDoCalendarioPara(java.lang.String)
  Então devo ver os eventos organizados por "mês"                # br.edu.cesar.steps.VisualizarCalendarioSteps.devoVerOsEventosOrganizadosPor(java.lang.String)
]]></system-out>
  </testcase>
  <testcase name="Avaliar evento com sucesso" classname="Avaliação de Eventos" time="0.006">
    <system-out><![CDATA[
Cenário: Avaliar evento com sucesso                                                        # src/test/resources/features/avaliarEvento.feature:8
  Dado que sou um usuário que confirmou presença em um evento finalizado                   # br.edu.cesar.steps.AvaliarEventoSteps.queSouUmUsuarioQueConfirmouPresencaEmUmEventoFinalizado()
  Quando acesso a página de avaliação do evento                                            # br.edu.cesar.steps.AvaliarEventoSteps.acessoAPaginaDeAvaliacaoDoEvento()
  E preencho a avaliação com nota 4 e comentário "Evento muito bom, organização impecável" # br.edu.cesar.steps.AvaliarEventoSteps.preenchoAAvaliacaoComNotaEComentario(int,java.lang.String)
  E submeto a avaliação                                                                    # br.edu.cesar.steps.AvaliarEventoSteps.submetoAAvaliacao()
  Então a avaliação deve ser registrada com sucesso                                        # br.edu.cesar.steps.AvaliarEventoSteps.aAvaliacaoDeveSerRegistradaComSucesso()
  E devo ver uma mensagem de confirmação                                                   # br.edu.cesar.steps.AvaliarEventoSteps.devoVerUmaMensagemDeConfirmacao()
]]></system-out>
  </testcase>
  <testcase name="Avaliar evento sem comentário" classname="Avaliação de Eventos" time="0.003">
    <system-out><![CDATA[
Cenário: Avaliar evento sem comentário                                   # src/test/resources/features/avaliarEvento.feature:16
  Dado que sou um usuário que confirmou presença em um evento finalizado # br.edu.cesar.steps.AvaliarEventoSteps.queSouUmUsuarioQueConfirmouPresencaEmUmEventoFinalizado()
  Quando acesso a página de avaliação do evento                          # br.edu.cesar.steps.AvaliarEventoSteps.acessoAPaginaDeAvaliacaoDoEvento()
  E preencho apenas a nota 5                                             # br.edu.cesar.steps.AvaliarEventoSteps.preenchoApenasANota(int)
  E submeto a avaliação                                                  # br.edu.cesar.steps.AvaliarEventoSteps.submetoAAvaliacao()
  Então a avaliação deve ser registrada com sucesso                      # br.edu.cesar.steps.AvaliarEventoSteps.aAvaliacaoDeveSerRegistradaComSucesso()
  E devo ver uma mensagem de confirmação                                 # br.edu.cesar.steps.AvaliarEventoSteps.devoVerUmaMensagemDeConfirmacao()
]]></system-out>
  </testcase>
  <testcase name="Tentar avaliar evento não finalizado" classname="Avaliação de Eventos" time="0.002">
    <system-out><![CDATA[
Cenário: Tentar avaliar evento não finalizado                             # src/test/resources/features/avaliarEvento.feature:24
  Dado que sou um usuário que confirmou presença em um evento             # br.edu.cesar.steps.AvaliarEventoSteps.queSouUmUsuarioQueConfirmouPresencaEmUmEvento()
  Quando tento acessar a página de avaliação do evento                    # br.edu.cesar.steps.AvaliarEventoSteps.tentoAcessarAPaginaDeAvaliacaoDoEvento()
  Então devo ver uma mensagem informando que o evento ainda não finalizou # br.edu.cesar.steps.AvaliarEventoSteps.devoVerUmaMensagemInformandoQueOEventoAindaNaoFinalizou()
]]></system-out>
  </testcase>
  <testcase name="Tentar avaliar evento sem ter confirmado presença" classname="Avaliação de Eventos" time="0.003">
    <system-out><![CDATA[
Cenário: Tentar avaliar evento sem ter confirmado presença                                # src/test/resources/features/avaliarEvento.feature:29
  Dado que sou um usuário que não confirmou presença em um evento finalizado              # br.edu.cesar.steps.AvaliarEventoSteps.queSouUmUsuarioQueNaoConfirmouPresencaEmUmEventoFinalizado()
  Quando tento acessar a página de avaliação do evento                                    # br.edu.cesar.steps.AvaliarEventoSteps.tentoAcessarAPaginaDeAvaliacaoDoEvento()
  Então devo ver uma mensagem informando que preciso ter confirmado presença para avaliar # br.edu.cesar.steps.AvaliarEventoSteps.devoVerUmaMensagemInformandoQuePrecisoTerConfirmadoPresencaParaAvaliar()
]]></system-out>
  </testcase>
  <testcase name="Visualizar relatório de evento com dados completos" classname="Visualizar Relatório de Evento" time="0.005">
    <system-out><![CDATA[
Cenário: Visualizar relatório de evento com dados completos         # src/test/resources/features/visualizarRelatorioEvento.feature:7
  Dado que sou um usuário logado na plataforma e criador de eventos # br.edu.cesar.steps.VisualizarRelatorioEventoSteps.queSouUmUsuarioLogadoNaPlataformaECriadorDeEventos()
  E tenho um evento encerrado que criei para visualizar relatório   # br.edu.cesar.steps.VisualizarRelatorioEventoSteps.tenhoUmEventoEncerradoQueCrieiParaVisualizarRelatorio()
  Quando acesso a página de relatórios do evento                    # br.edu.cesar.steps.VisualizarRelatorioEventoSteps.acessoAPaginaDeRelatoriosDoEvento()
  Então devo ver as seguintes informações:                          # br.edu.cesar.steps.VisualizarRelatorioEventoSteps.devoVerAsSeguintesInformacoes(java.util.Map<java.lang.String, java.lang.String>)
    | totalConfirmacoes | 50  |
    | totalTalvez       | 20  |
    | totalAvaliacoes   | 40  |
    | mediaNotas        | 4.5 |
    | totalComentarios  | 30  |
]]></system-out>
  </testcase>
  <testcase name="Visualizar relatório de evento sem avaliações" classname="Visualizar Relatório de Evento" time="0.003">
    <system-out><![CDATA[
Cenário: Visualizar relatório de evento sem avaliações              # src/test/resources/features/visualizarRelatorioEvento.feature:18
  Dado que sou um usuário logado na plataforma e criador de eventos # br.edu.cesar.steps.VisualizarRelatorioEventoSteps.queSouUmUsuarioLogadoNaPlataformaECriadorDeEventos()
  E tenho um evento encerrado que criei para visualizar relatório   # br.edu.cesar.steps.VisualizarRelatorioEventoSteps.tenhoUmEventoEncerradoQueCrieiParaVisualizarRelatorio()
  E o evento não recebeu avaliações                                 # br.edu.cesar.steps.VisualizarRelatorioEventoSteps.oEventoNaoRecebeuAvaliacoes()
  Quando acesso a página de relatórios do evento                    # br.edu.cesar.steps.VisualizarRelatorioEventoSteps.acessoAPaginaDeRelatoriosDoEvento()
  Então devo ver as seguintes informações:                          # br.edu.cesar.steps.VisualizarRelatorioEventoSteps.devoVerAsSeguintesInformacoes(java.util.Map<java.lang.String, java.lang.String>)
    | totalConfirmacoes | 30 |
    | totalTalvez       | 10 |
    | totalAvaliacoes   | 0  |
    | mediaNotas        | 0  |
    | totalComentarios  | 5  |
]]></system-out>
  </testcase>
  <testcase name="Visualizar relatório de evento com filtro por período" classname="Visualizar Relatório de Evento" time="0.002">
    <system-out><![CDATA[
Cenário: Visualizar relatório de evento com filtro por período      # src/test/resources/features/visualizarRelatorioEvento.feature:30
  Dado que sou um usuário logado na plataforma e criador de eventos # br.edu.cesar.steps.VisualizarRelatorioEventoSteps.queSouUmUsuarioLogadoNaPlataformaECriadorDeEventos()
  E tenho um evento encerrado que criei para visualizar relatório   # br.edu.cesar.steps.VisualizarRelatorioEventoSteps.tenhoUmEventoEncerradoQueCrieiParaVisualizarRelatorio()
  Quando acesso a página de relatórios do evento                    # br.edu.cesar.steps.VisualizarRelatorioEventoSteps.acessoAPaginaDeRelatoriosDoEvento()
  E seleciono o período "Últimos 30 dias"                           # br.edu.cesar.steps.VisualizarRelatorioEventoSteps.selecionoOPeriodo(java.lang.String)
  Então devo ver as métricas filtradas para o período selecionado   # br.edu.cesar.steps.VisualizarRelatorioEventoSteps.devoVerAsMetricasFiltradasParaOPeriodoSelecionado()
]]></system-out>
  </testcase>
</testsuite>